{"C:\\projects\\test-examples\\appointments\\src\\AppointmentsDayView.js": {"path":"C:\\projects\\test-examples\\appointments\\src\\AppointmentsDayView.js","statementMap":{"0":{"start":{"line":3,"column":29},"end":{"line":6,"column":1}},"1":{"start":{"line":4,"column":17},"end":{"line":4,"column":61}},"2":{"start":{"line":5,"column":2},"end":{"line":5,"column":21}},"3":{"start":{"line":8,"column":27},"end":{"line":46,"column":1}},"4":{"start":{"line":15,"column":2},"end":{"line":45,"column":8}},"5":{"start":{"line":48,"column":35},"end":{"line":76,"column":1}},"6":{"start":{"line":49,"column":56},"end":{"line":51,"column":3}},"7":{"start":{"line":53,"column":2},"end":{"line":75,"column":4}},"8":{"start":{"line":57,"column":10},"end":{"line":66,"column":15}},"9":{"start":{"line":63,"column":29},"end":{"line":63,"column":54}}},"fnMap":{"0":{"name":"(anonymous_0)","decl":{"start":{"line":3,"column":29},"end":{"line":3,"column":30}},"loc":{"start":{"line":3,"column":41},"end":{"line":6,"column":1}},"line":3},"1":{"name":"(anonymous_1)","decl":{"start":{"line":8,"column":27},"end":{"line":8,"column":28}},"loc":{"start":{"line":15,"column":2},"end":{"line":45,"column":8}},"line":15},"2":{"name":"(anonymous_2)","decl":{"start":{"line":48,"column":35},"end":{"line":48,"column":36}},"loc":{"start":{"line":48,"column":57},"end":{"line":76,"column":1}},"line":48},"3":{"name":"(anonymous_3)","decl":{"start":{"line":56,"column":26},"end":{"line":56,"column":27}},"loc":{"start":{"line":57,"column":10},"end":{"line":66,"column":15}},"line":57},"4":{"name":"(anonymous_4)","decl":{"start":{"line":63,"column":23},"end":{"line":63,"column":24}},"loc":{"start":{"line":63,"column":29},"end":{"line":63,"column":54}},"line":63}},"branchMap":{"0":{"loc":{"start":{"line":60,"column":16},"end":{"line":60,"column":58}},"type":"cond-expr","locations":[{"start":{"line":60,"column":44},"end":{"line":60,"column":53}},{"start":{"line":60,"column":56},"end":{"line":60,"column":58}}],"line":60},"1":{"loc":{"start":{"line":69,"column":7},"end":{"line":73,"column":7}},"type":"cond-expr","locations":[{"start":{"line":70,"column":8},"end":{"line":70,"column":61}},{"start":{"line":72,"column":8},"end":{"line":72,"column":62}}],"line":69}},"s":{"0":1,"1":41,"2":41,"3":1,"4":23,"5":1,"6":11,"7":11,"8":18,"9":2},"f":{"0":41,"1":23,"2":11,"3":18,"4":2},"b":{"0":[9,9],"1":[2,9]},"_coverageSchema":"1a1c01bbd47fc00a2c39e90264f33305004495a9","hash":"01b26dd346840b00448ac16f82dee9a8c6db682e"}
,"C:\\projects\\test-examples\\appointments\\src\\CustomerForm.js": {"path":"C:\\projects\\test-examples\\appointments\\src\\CustomerForm.js","statementMap":{"0":{"start":{"line":3,"column":28},"end":{"line":53,"column":1}},"1":{"start":{"line":9,"column":34},"end":{"line":13,"column":4}},"2":{"start":{"line":15,"column":23},"end":{"line":19,"column":7}},"3":{"start":{"line":16,"column":4},"end":{"line":19,"column":7}},"4":{"start":{"line":16,"column":29},"end":{"line":19,"column":5}},"5":{"start":{"line":21,"column":2},"end":{"line":52,"column":4}},"6":{"start":{"line":22,"column":40},"end":{"line":22,"column":58}}},"fnMap":{"0":{"name":"(anonymous_0)","decl":{"start":{"line":3,"column":28},"end":{"line":3,"column":29}},"loc":{"start":{"line":8,"column":6},"end":{"line":53,"column":1}},"line":8},"1":{"name":"(anonymous_1)","decl":{"start":{"line":15,"column":23},"end":{"line":15,"column":24}},"loc":{"start":{"line":16,"column":4},"end":{"line":19,"column":7}},"line":16},"2":{"name":"(anonymous_2)","decl":{"start":{"line":16,"column":16},"end":{"line":16,"column":17}},"loc":{"start":{"line":16,"column":29},"end":{"line":19,"column":5}},"line":16},"3":{"name":"(anonymous_3)","decl":{"start":{"line":22,"column":34},"end":{"line":22,"column":35}},"loc":{"start":{"line":22,"column":40},"end":{"line":22,"column":58}},"line":22}},"branchMap":{},"s":{"0":1,"1":23,"2":23,"3":3,"4":3,"5":23,"6":6},"f":{"0":23,"1":3,"2":3,"3":6},"b":{},"_coverageSchema":"1a1c01bbd47fc00a2c39e90264f33305004495a9","hash":"0fd345d5e828a846886d11ee9ce44e00e9cef724"}
,"C:\\projects\\test-examples\\appointments\\test\\domManipulators.js": {"path":"C:\\projects\\test-examples\\appointments\\test\\domManipulators.js","statementMap":{"0":{"start":{"line":3,"column":31},"end":{"line":10,"column":1}},"1":{"start":{"line":4,"column":20},"end":{"line":4,"column":49}},"2":{"start":{"line":6,"column":2},"end":{"line":9,"column":4}},"3":{"start":{"line":7,"column":25},"end":{"line":7,"column":62}}},"fnMap":{"0":{"name":"(anonymous_0)","decl":{"start":{"line":3,"column":31},"end":{"line":3,"column":32}},"loc":{"start":{"line":3,"column":37},"end":{"line":10,"column":1}},"line":3},"1":{"name":"(anonymous_1)","decl":{"start":{"line":7,"column":12},"end":{"line":7,"column":13}},"loc":{"start":{"line":7,"column":25},"end":{"line":7,"column":62}},"line":7}},"branchMap":{},"s":{"0":1,"1":20,"2":20,"3":20},"f":{"0":20,"1":20},"b":{},"_coverageSchema":"1a1c01bbd47fc00a2c39e90264f33305004495a9","hash":"43e5fd9f2d9f046f97984d9104d584a20ca3d3d0"}
}
