{"C:\\projects\\test-examples\\appointments\\src\\Appointment.js": {"path":"C:\\projects\\test-examples\\appointments\\src\\Appointment.js","statementMap":{"0":{"start":{"line":3,"column":29},"end":{"line":6,"column":1}},"1":{"start":{"line":4,"column":17},"end":{"line":4,"column":61}},"2":{"start":{"line":5,"column":2},"end":{"line":5,"column":21}},"3":{"start":{"line":8,"column":27},"end":{"line":8,"column":78}},"4":{"start":{"line":8,"column":46},"end":{"line":8,"column":77}},"5":{"start":{"line":10,"column":35},"end":{"line":35,"column":1}},"6":{"start":{"line":11,"column":56},"end":{"line":11,"column":67}},"7":{"start":{"line":15,"column":2},"end":{"line":34,"column":4}},"8":{"start":{"line":19,"column":10},"end":{"line":26,"column":15}},"9":{"start":{"line":22,"column":29},"end":{"line":22,"column":54}}},"fnMap":{"0":{"name":"(anonymous_0)","decl":{"start":{"line":3,"column":29},"end":{"line":3,"column":30}},"loc":{"start":{"line":3,"column":41},"end":{"line":6,"column":1}},"line":3},"1":{"name":"(anonymous_1)","decl":{"start":{"line":8,"column":27},"end":{"line":8,"column":28}},"loc":{"start":{"line":8,"column":46},"end":{"line":8,"column":77}},"line":8},"2":{"name":"(anonymous_2)","decl":{"start":{"line":10,"column":35},"end":{"line":10,"column":36}},"loc":{"start":{"line":10,"column":57},"end":{"line":35,"column":1}},"line":10},"3":{"name":"(anonymous_3)","decl":{"start":{"line":18,"column":26},"end":{"line":18,"column":27}},"loc":{"start":{"line":19,"column":10},"end":{"line":26,"column":15}},"line":19},"4":{"name":"(anonymous_4)","decl":{"start":{"line":22,"column":23},"end":{"line":22,"column":24}},"loc":{"start":{"line":22,"column":29},"end":{"line":22,"column":54}},"line":22}},"branchMap":{"0":{"loc":{"start":{"line":29,"column":7},"end":{"line":32,"column":9}},"type":"cond-expr","locations":[{"start":{"line":30,"column":8},"end":{"line":30,"column":61}},{"start":{"line":31,"column":11},"end":{"line":31,"column":65}}],"line":29}},"s":{"0":1,"1":12,"2":12,"3":1,"4":8,"5":1,"6":8,"7":8,"8":12,"9":1},"f":{"0":12,"1":8,"2":8,"3":12,"4":1},"b":{"0":[2,6]},"_coverageSchema":"1a1c01bbd47fc00a2c39e90264f33305004495a9","hash":"2d68d685c1799dca56eafb89be0f37659c9306d5"}
}
