TN:
SF:src\AppointmentsDayView.js
FN:3,(anonymous_0)
FN:8,(anonymous_1)
FN:48,(anonymous_2)
FN:56,(anonymous_3)
FN:63,(anonymous_4)
FNF:5
FNH:5
FNDA:41,(anonymous_0)
FNDA:23,(anonymous_1)
FNDA:11,(anonymous_2)
FNDA:18,(anonymous_3)
FNDA:2,(anonymous_4)
DA:3,1
DA:4,41
DA:5,41
DA:8,1
DA:15,23
DA:48,1
DA:49,11
DA:53,11
DA:57,18
DA:63,2
LF:10
LH:10
BRDA:60,0,0,9
BRDA:60,0,1,9
BRDA:69,1,0,2
BRDA:69,1,1,9
BRF:4
BRH:4
end_of_record
TN:
SF:src\CustomerForm.js
FN:3,(anonymous_0)
FN:6,(anonymous_1)
FN:7,(anonymous_2)
FN:13,(anonymous_3)
FNF:4
FNH:4
FNDA:8,(anonymous_0)
FNDA:1,(anonymous_1)
FNDA:1,(anonymous_2)
FNDA:2,(anonymous_3)
DA:3,1
DA:4,8
DA:6,8
DA:7,1
DA:12,8
DA:13,2
LF:6
LH:6
BRF:0
BRH:0
end_of_record
TN:
SF:test\domManipulators.js
FN:3,(anonymous_0)
FN:7,(anonymous_1)
FNF:2
FNH:2
FNDA:7,(anonymous_0)
FNDA:7,(anonymous_1)
DA:3,1
DA:4,7
DA:6,7
DA:7,7
LF:4
LH:4
BRF:0
BRH:0
end_of_record
